<?xml version="1.0" encoding="UTF-8"?>
<testsuite xmlns:xsi="http://www.w3.org/2001/XMLSchema-instance" xsi:noNamespaceSchemaLocation="https://maven.apache.org/surefire/maven-surefire-plugin/xsd/surefire-test-report-3.0.xsd" version="3.0" name="com.mishail.country_search.service.NationServiceTest" time="0.087" tests="20" errors="0" skipped="0" failures="0">
  <properties>
[...]
</properties>
  <testcase name="addNewNationByCountryByIdExistingNation" classname="com.mishail.country_search.service.NationServiceTest" time="0.043"/>
  <testcase name="getCountriesByNationByIdWhenNotCachedAndNotExist" classname="com.mishail.country_search.service.NationServiceTest" time="0.002"/>
  <testcase name="getNationsWhenNotCached" classname="com.mishail.country_search.service.NationServiceTest" time="0.001"/>
  <testcase name="updateNation" classname="com.mishail.country_search.service.NationServiceTest" time="0.002"/>
  <testcase name="addNationByCountryById" classname="com.mishail.country_search.service.NationServiceTest" time="0.002"/>
  <testcase name="deleteNation" classname="com.mishail.country_search.service.NationServiceTest" time="0.003"/>
  <testcase name="getNationsWhenCached" classname="com.mishail.country_search.service.NationServiceTest" time="0.001"/>
  <testcase name="addNewNationsByCountryId" classname="com.mishail.country_search.service.NationServiceTest" time="0.002"/>
  <testcase name="deleteNationFromCountryWhenCountryNotExists" classname="com.mishail.country_search.service.NationServiceTest" time="0.001"/>
  <testcase name="getCountriesByNationByIdWhenNotCached" classname="com.mishail.country_search.service.NationServiceTest" time="0.002"/>
  <testcase name="updateNationWhenDoesNotExist" classname="com.mishail.country_search.service.NationServiceTest" time="0.001"/>
  <testcase name="getNationsByCountryByIdWhenNotCachedAndNotExist" classname="com.mishail.country_search.service.NationServiceTest" time="0.002"/>
  <testcase name="getNationsByCountryByIdWhenNotCached" classname="com.mishail.country_search.service.NationServiceTest" time="0.001"/>
  <testcase name="updateNationWithNameAlreadyExists" classname="com.mishail.country_search.service.NationServiceTest" time="0.002"/>
  <testcase name="deleteNationFromCountryWhenNationNotExists" classname="com.mishail.country_search.service.NationServiceTest" time="0.002"/>
  <testcase name="deleteNationFromCountry" classname="com.mishail.country_search.service.NationServiceTest" time="0.002"/>
  <testcase name="getNationsByCountryByIdWhenCached" classname="com.mishail.country_search.service.NationServiceTest" time="0.002"/>
  <testcase name="getCountriesByNationByIdWhenCached" classname="com.mishail.country_search.service.NationServiceTest" time="0.001"/>
  <testcase name="deleteNationWhenNotExists" classname="com.mishail.country_search.service.NationServiceTest" time="0.002"/>
  <testcase name="addNewNationByCountryByIdNonexistentCountry" classname="com.mishail.country_search.service.NationServiceTest" time="0.002"/>
</testsuite>